[00:11:51] [Server thread/INFO]: borinhobirl lost connection: Disconnected
[00:11:51] [Server thread/INFO]: borinhobirl left the game
[00:12:04] [User Authenticator #4/INFO]: UUID of player borinhobirl is 95520fa1-0561-36f4-9bc5-2352845b9941
[00:12:04] [Server thread/INFO]: borinhobirl[/25.0.63.164:53242] logged in with entity id 52378 at ([world]-1740.9238921820602, 10.0, -438.38849666629454)
[00:19:12] [Server thread/INFO]: borinhobirl lost connection: Disconnected
[00:19:12] [Server thread/INFO]: borinhobirl left the game
[00:19:47] [Server thread/INFO]: Leonnard lost connection: Disconnected
[00:19:47] [Server thread/INFO]: Leonnard left the game
[00:19:52] [Server thread/INFO]: Stopping the server
[00:19:52] [Server thread/INFO]: Stopping server
[00:19:52] [Server thread/INFO]: [SkinsRestorer] Disabling SkinsRestorer v13.8.5
[00:19:52] [Server thread/INFO]: Saving players
[00:19:52] [Server thread/INFO]: Saving worlds
[00:19:52] [Server thread/INFO]: Saving chunks for level 'ServerLevel[world]'/minecraft:overworld
[00:19:53] [Server thread/INFO]: ThreadedAnvilChunkStorage (world): All chunks are saved
[00:19:53] [Server thread/INFO]: Saving chunks for level 'ServerLevel[world_nether]'/minecraft:the_nether
[00:19:53] [Server thread/INFO]: ThreadedAnvilChunkStorage (DIM-1): All chunks are saved
[00:19:53] [Server thread/INFO]: Saving chunks for level 'ServerLevel[world_the_end]'/minecraft:the_end
[00:19:53] [Server thread/INFO]: ThreadedAnvilChunkStorage (DIM1): All chunks are saved
[00:19:53] [Server thread/INFO]: ThreadedAnvilChunkStorage (world): All chunks are saved
[00:19:53] [Server thread/INFO]: ThreadedAnvilChunkStorage (DIM-1): All chunks are saved
[00:19:53] [Server thread/INFO]: ThreadedAnvilChunkStorage (DIM1): All chunks are saved
